<?xml version="1.0" encoding="UTF-8"?>
<!-- Generated by org.testng.reporters.JUnitReportReporter -->
<testsuite hostname="EC2AMAZ-S11DBRH" failures="0" tests="3" name="parallelScripts.ExtentReport1" time="16.497" errors="0" timestamp="2023-12-11T06:37:41 GMT" skipped="0">
  <testcase classname="parallelScripts.ExtentReport1" name="cucumberSearchTest" time="4.928"/>
  <system-out/>
  <testcase classname="parallelScripts.ExtentReport1" name="seleniumSearchTest" time="5.552"/>
  <system-out/>
  <testcase classname="parallelScripts.ExtentReport1" name="appiumSearchTest" time="6.017"/>
  <system-out/>
</testsuite> <!-- parallelScripts.ExtentReport1 -->
