<?xml version="1.0" encoding="UTF-8"?>
<!-- Generated by org.testng.reporters.JUnitReportReporter -->
<testsuite hostname="DESKTOP-4RF2QF2" failures="0" tests="1" name="testScripts.NewTest" time="2.697" errors="0" timestamp="2023-12-08T10:36:37 IST" skipped="0">
  <testcase classname="testScripts.NewTest" name="testg" time="2.697"/>
  <system-out/>
</testsuite> <!-- testScripts.NewTest -->
