<?xml version="1.0" encoding="UTF-8"?>
<!-- Generated by org.testng.reporters.JUnitReportReporter -->
<testsuite hostname="DESKTOP-4RF2QF2" failures="0" tests="2" name="testScripts.SampleOneTest" time="13.571" errors="0" timestamp="2023-12-08T10:36:37 IST" skipped="0">
  <testcase classname="testScripts.SampleOneTest" name="cucumberSearchTest" time="5.728"/>
  <system-out/>
  <testcase classname="testScripts.SampleOneTest" name="SeleniumSearchTest" time="7.843"/>
  <system-out/>
</testsuite> <!-- testScripts.SampleOneTest -->
