<?xml version="1.0" encoding="UTF-8"?>
<!-- Generated by org.testng.reporters.JUnitReportReporter -->
<testsuite hostname="DESKTOP-4RF2QF2" failures="0" tests="4" name="parallelScripts.SampleEightTest" time="0.019" errors="0" timestamp="2023-12-08T13:23:43 IST" skipped="0">
  <testcase classname="parallelScripts.SampleEightTest" name="testOne" time="0.003"/>
  <system-out/>
  <testcase classname="parallelScripts.SampleEightTest" name="testTwo" time="0.002"/>
  <system-out/>
  <testcase classname="parallelScripts.SampleEightTest" name="testThree" time="0.001"/>
  <system-out/>
  <testcase classname="parallelScripts.SampleEightTest" name="testFour" time="0.013"/>
  <system-out/>
</testsuite> <!-- parallelScripts.SampleEightTest -->
