<?xml version="1.0" encoding="UTF-8"?>
<!-- Generated by org.testng.reporters.JUnitReportReporter -->
<testsuite hostname="DESKTOP-4RF2QF2" failures="0" tests="3" name="parallelScripts.ExtentReport1" time="22.394" errors="0" timestamp="2023-12-12T09:42:05 IST" skipped="0">
  <testcase classname="parallelScripts.ExtentReport1" name="appiumSearchTest" time="5.846"/>
  <system-out/>
  <testcase classname="parallelScripts.ExtentReport1" name="seleniumSearchTest" time="10.583"/>
  <system-out/>
  <testcase classname="parallelScripts.ExtentReport1" name="cucumberSearchTest" time="5.965"/>
  <system-out/>
</testsuite> <!-- parallelScripts.ExtentReport1 -->
