<?xml version="1.0" encoding="UTF-8"?>
<!-- Generated by org.testng.reporters.JUnitReportReporter -->
<testsuite hostname="DESKTOP-4RF2QF2" failures="0" tests="2" name="testScripts.SampleFourTest" time="0.002" errors="0" timestamp="2023-12-08T12:44:26 IST" skipped="0">
  <testcase classname="testScripts.SampleFourTest" name="testTwo" time="0.001"/>
  <system-out/>
  <testcase classname="testScripts.SampleFourTest" name="testOne" time="0.001"/>
  <system-out/>
</testsuite> <!-- testScripts.SampleFourTest -->
