<?xml version="1.0" encoding="UTF-8"?>
<!-- Generated by org.testng.reporters.JUnitReportReporter -->
<testsuite hostname="DESKTOP-4RF2QF2" failures="0" tests="4" name="parallelScripts.SampleThreeTest" time="0.052" errors="0" timestamp="2023-12-08T13:16:01 IST" skipped="0">
  <testcase classname="parallelScripts.SampleThreeTest" name="testThree" time="0.013"/>
  <system-out/>
  <testcase classname="parallelScripts.SampleThreeTest" name="testOne" time="0.013"/>
  <system-out/>
  <testcase classname="parallelScripts.SampleThreeTest" name="testFour" time="0.013"/>
  <system-out/>
  <testcase classname="parallelScripts.SampleThreeTest" name="testTwo" time="0.013"/>
  <system-out/>
</testsuite> <!-- parallelScripts.SampleThreeTest -->
