<?xml version="1.0" encoding="UTF-8"?>
<!-- Generated by org.testng.reporters.JUnitReportReporter -->
<testsuite hostname="DESKTOP-4RF2QF2" failures="0" tests="2" name="testScripts.SampleThreeTest" time="0.008" errors="0" timestamp="2023-12-08T12:45:22 IST" skipped="0">
  <testcase classname="testScripts.SampleThreeTest" name="testThree" time="0.007"/>
  <system-out/>
  <testcase classname="testScripts.SampleThreeTest" name="testTwo" time="0.001"/>
  <system-out/>
</testsuite> <!-- testScripts.SampleThreeTest -->
