<?xml version="1.0" encoding="UTF-8"?>
<!-- Generated by org.testng.reporters.JUnitReportReporter -->
<testsuite hostname="DESKTOP-4RF2QF2" failures="0" tests="4" name="parallelScripts.SampleSixTest" time="0.025" errors="0" timestamp="2023-12-08T13:23:43 IST" skipped="0">
  <testcase classname="parallelScripts.SampleSixTest" name="testTwo" time="0.002"/>
  <system-out/>
  <testcase classname="parallelScripts.SampleSixTest" name="testFour" time="0.014"/>
  <system-out/>
  <testcase classname="parallelScripts.SampleSixTest" name="testOne" time="0.004"/>
  <system-out/>
  <testcase classname="parallelScripts.SampleSixTest" name="testThree" time="0.005"/>
  <system-out/>
</testsuite> <!-- parallelScripts.SampleSixTest -->
