<?xml version="1.0" encoding="UTF-8"?>
<!-- Generated by org.testng.reporters.JUnitReportReporter -->
<testsuite hostname="EC2AMAZ-S11DBRH" failures="0" tests="3" name="parallelScripts.ExtentReport1" time="19.348" errors="0" timestamp="2023-12-11T07:12:15 GMT" skipped="0">
  <testcase classname="parallelScripts.ExtentReport1" name="cucumberSearchTest" time="6.773"/>
  <system-out/>
  <testcase classname="parallelScripts.ExtentReport1" name="seleniumSearchTest" time="6.883"/>
  <system-out/>
  <testcase classname="parallelScripts.ExtentReport1" name="appiumSearchTest" time="5.692"/>
  <system-out/>
</testsuite> <!-- parallelScripts.ExtentReport1 -->
