<?xml version="1.0" encoding="UTF-8"?>
<!-- Generated by org.testng.reporters.JUnitReportReporter -->
<testsuite hostname="DESKTOP-4RF2QF2" failures="0" tests="4" name="parallelScripts.SampleSevenTest" time="0.020" errors="0" timestamp="2023-12-08T13:23:43 IST" skipped="0">
  <testcase classname="parallelScripts.SampleSevenTest" name="testThree" time="0.002"/>
  <system-out/>
  <testcase classname="parallelScripts.SampleSevenTest" name="testOne" time="0.003"/>
  <system-out/>
  <testcase classname="parallelScripts.SampleSevenTest" name="testFour" time="0.014"/>
  <system-out/>
  <testcase classname="parallelScripts.SampleSevenTest" name="testTwo" time="0.001"/>
  <system-out/>
</testsuite> <!-- parallelScripts.SampleSevenTest -->
